<?xml version="1.0" encoding="UTF-8"?>
<testsuite xmlns:xsi="http://www.w3.org/2001/XMLSchema-instance" xsi:noNamespaceSchemaLocation="https://maven.apache.org/surefire/maven-surefire-plugin/xsd/surefire-test-report-3.0.xsd" version="3.0" name="com.mac.OtherProcessorTest" time="0.001" tests="2" errors="0" skipped="2" failures="0">
  <properties>
[...]
</properties>
  <testcase name="testReadConfig" classname="com.mac.OtherProcessorTest" time="0.0">
    <skipped message="This test is disabled "/>
  </testcase>
  <testcase name="testProcessS3Event" classname="com.mac.OtherProcessorTest" time="0.0">
    <skipped message="This test is disabled "/>
  </testcase>
</testsuite>